<testng-results>
  <reporter-output>
  </reporter-output>
  <suite name="Command line suite">
    <groups>
    </groups>
    <test name="Command line test">
      <class name="org.flite.cach3.test.InvalidateAssignCacheTest">
        <test-method status="PASS" signature="beforeClass()" name="beforeClass" is-config="true" duration-ms="2817" started-at="2011-09-14T09:41:59Z" finished-at="2011-09-14T09:42:02Z">
        </test-method>
        <test-method status="PASS" signature="test()" name="test" duration-ms="554" started-at="2011-09-14T09:42:02Z" finished-at="2011-09-14T09:42:03Z">
        </test-method>
      </class>
      <class name="org.flite.cach3.test.ReadThroughSingleCacheTest">
        <test-method status="PASS" signature="beforeClass()" name="beforeClass" is-config="true" duration-ms="895" started-at="2011-09-14T09:42:15Z" finished-at="2011-09-14T09:42:16Z">
        </test-method>
        <test-method status="PASS" signature="test()" name="test" duration-ms="1514" started-at="2011-09-14T09:42:16Z" finished-at="2011-09-14T09:42:18Z">
        </test-method>
      </class>
      <class name="org.flite.cach3.test.UpdateAssignCacheTest">
        <test-method status="PASS" signature="beforeClass()" name="beforeClass" is-config="true" duration-ms="939" started-at="2011-09-14T09:42:18Z" finished-at="2011-09-14T09:42:18Z">
        </test-method>
        <test-method status="PASS" signature="test()" name="test" duration-ms="11" started-at="2011-09-14T09:42:18Z" finished-at="2011-09-14T09:42:18Z">
        </test-method>
      </class>
      <class name="org.flite.cach3.test.ReadThroughMultiCacheTest">
        <test-method status="PASS" signature="testMemcached()" name="testMemcached" duration-ms="2" started-at="2011-09-14T09:42:15Z" finished-at="2011-09-14T09:42:15Z">
        </test-method>
        <test-method status="PASS" signature="beforeClass()" name="beforeClass" is-config="true" duration-ms="1046" started-at="2011-09-14T09:42:11Z" finished-at="2011-09-14T09:42:12Z">
        </test-method>
        <test-method status="PASS" signature="test()" name="test" duration-ms="3029" started-at="2011-09-14T09:42:12Z" finished-at="2011-09-14T09:42:15Z">
        </test-method>
      </class>
      <class name="org.flite.cach3.test.InvalidateMultiCacheTest">
        <test-method status="PASS" signature="beforeClass()" name="beforeClass" is-config="true" duration-ms="1199" started-at="2011-09-14T09:42:03Z" finished-at="2011-09-14T09:42:04Z">
        </test-method>
        <test-method status="PASS" signature="test()" name="test" duration-ms="1624" started-at="2011-09-14T09:42:04Z" finished-at="2011-09-14T09:42:06Z">
        </test-method>
      </class>
      <class name="org.flite.cach3.test.UpdateSingleCacheTest">
        <test-method status="PASS" signature="test()" name="test" duration-ms="2728" started-at="2011-09-14T09:42:26Z" finished-at="2011-09-14T09:42:29Z">
        </test-method>
        <test-method status="PASS" signature="testDataIndex()" name="testDataIndex" duration-ms="1506" started-at="2011-09-14T09:42:24Z" finished-at="2011-09-14T09:42:26Z">
        </test-method>
        <test-method status="PASS" signature="beforeClass()" name="beforeClass" is-config="true" duration-ms="1012" started-at="2011-09-14T09:42:23Z" finished-at="2011-09-14T09:42:24Z">
        </test-method>
      </class>
      <class name="org.flite.cach3.test.InvalidateSingleCacheTest">
        <test-method status="PASS" signature="beforeClass()" name="beforeClass" is-config="true" duration-ms="1293" started-at="2011-09-14T09:42:06Z" finished-at="2011-09-14T09:42:07Z">
        </test-method>
        <test-method status="PASS" signature="test()" name="test" duration-ms="3033" started-at="2011-09-14T09:42:07Z" finished-at="2011-09-14T09:42:10Z">
        </test-method>
      </class>
      <class name="org.flite.cach3.test.UpdateMultiCacheTest">
        <test-method status="PASS" signature="beforeClass()" name="beforeClass" is-config="true" duration-ms="1825" started-at="2011-09-14T09:42:18Z" finished-at="2011-09-14T09:42:20Z">
        </test-method>
        <test-method status="PASS" signature="test()" name="test" duration-ms="1617" started-at="2011-09-14T09:42:20Z" finished-at="2011-09-14T09:42:22Z">
        </test-method>
        <test-method status="PASS" signature="testDataIndex()" name="testDataIndex" duration-ms="1517" started-at="2011-09-14T09:42:22Z" finished-at="2011-09-14T09:42:23Z">
        </test-method>
      </class>
      <class name="org.flite.cach3.test.ReadThroughAssignCacheTest">
        <test-method status="PASS" signature="beforeClass()" name="beforeClass" is-config="true" duration-ms="1081" started-at="2011-09-14T09:42:10Z" finished-at="2011-09-14T09:42:11Z">
        </test-method>
        <test-method status="PASS" signature="test()" name="test" duration-ms="5" started-at="2011-09-14T09:42:11Z" finished-at="2011-09-14T09:42:11Z">
        </test-method>
      </class>
    </test>
  </suite>
</testng-results>
